  score.cpp
c:\users\student\desktop\team1\プログラムファイル\001\player.h(51): error C3646: 'pos': 不明なオーバーライド指定子です
c:\users\student\desktop\team1\プログラムファイル\001\player.h(51): error C4430: 型指定子がありません - int と仮定しました。メモ: C++ は int を既定値としてサポートしていません
c:\users\student\desktop\team1\プログラムファイル\001\player.h(52): error C3646: 'rot': 不明なオーバーライド指定子です
c:\users\student\desktop\team1\プログラムファイル\001\player.h(52): error C4430: 型指定子がありません - int と仮定しました。メモ: C++ は int を既定値としてサポートしていません
c:\users\student\desktop\team1\プログラムファイル\001\player.h(53): error C3646: 'baseRot': 不明なオーバーライド指定子です
c:\users\student\desktop\team1\プログラムファイル\001\player.h(53): error C4430: 型指定子がありません - int と仮定しました。メモ: C++ は int を既定値としてサポートしていません
c:\users\student\desktop\team1\プログラムファイル\001\player.h(54): error C3646: 'mtxWorld': 不明なオーバーライド指定子です
c:\users\student\desktop\team1\プログラムファイル\001\player.h(54): error C4430: 型指定子がありません - int と仮定しました。メモ: C++ は int を既定値としてサポートしていません
c:\users\student\desktop\team1\プログラムファイル\001\player.h(63): error C3646: 'pos': 不明なオーバーライド指定子です
c:\users\student\desktop\team1\プログラムファイル\001\player.h(63): error C2143: 構文エラー: ',' が '[' の前にありません。
c:\users\student\desktop\team1\プログラムファイル\001\player.h(63): error C2143: 構文エラー: ')' が ';' の前にありません。
c:\users\student\desktop\team1\プログラムファイル\001\player.h(63): error C2238: ';' の前に無効なトークンがあります。
c:\users\student\desktop\team1\プログラムファイル\001\player.h(64): error C3646: 'rot': 不明なオーバーライド指定子です
c:\users\student\desktop\team1\プログラムファイル\001\player.h(64): error C2143: 構文エラー: ',' が '[' の前にありません。
c:\users\student\desktop\team1\プログラムファイル\001\player.h(64): error C2143: 構文エラー: ')' が ';' の前にありません。
c:\users\student\desktop\team1\プログラムファイル\001\player.h(64): error C2238: ';' の前に無効なトークンがあります。
c:\users\student\desktop\team1\プログラムファイル\001\player.h(88): error C3646: 'pos': 不明なオーバーライド指定子です
c:\users\student\desktop\team1\プログラムファイル\001\player.h(88): error C4430: 型指定子がありません - int と仮定しました。メモ: C++ は int を既定値としてサポートしていません
c:\users\student\desktop\team1\プログラムファイル\001\player.h(89): error C3646: 'posOld': 不明なオーバーライド指定子です
c:\users\student\desktop\team1\プログラムファイル\001\player.h(89): error C4430: 型指定子がありません - int と仮定しました。メモ: C++ は int を既定値としてサポートしていません
c:\users\student\desktop\team1\プログラムファイル\001\player.h(90): error C3646: 'rot': 不明なオーバーライド指定子です
c:\users\student\desktop\team1\プログラムファイル\001\player.h(90): error C4430: 型指定子がありません - int と仮定しました。メモ: C++ は int を既定値としてサポートしていません
c:\users\student\desktop\team1\プログラムファイル\001\player.h(91): error C3646: 'rotDest': 不明なオーバーライド指定子です
c:\users\student\desktop\team1\プログラムファイル\001\player.h(91): error C4430: 型指定子がありません - int と仮定しました。メモ: C++ は int を既定値としてサポートしていません
c:\users\student\desktop\team1\プログラムファイル\001\player.h(92): error C3646: 'move': 不明なオーバーライド指定子です
c:\users\student\desktop\team1\プログラムファイル\001\player.h(92): error C4430: 型指定子がありません - int と仮定しました。メモ: C++ は int を既定値としてサポートしていません
c:\users\student\desktop\team1\プログラムファイル\001\player.h(113): error C4430: 型指定子がありません - int と仮定しました。メモ: C++ は int を既定値としてサポートしていません
c:\users\student\desktop\team1\プログラムファイル\001\player.h(113): error C2146: 構文エラー: ';' が、識別子 'LoadPlayerType' の前に必要です。
c:\users\student\desktop\team1\プログラムファイル\001\player.h(114): error C2061: 構文エラー: 識別子 'D3DXVECTOR3'
c:\program files (x86)\windows kits\8.1\include\um\winnt.h(604): error C2378: 'HRESULT': 再定義されています。シンボルは typedef でオーバーロードできません
  c:\users\student\desktop\team1\プログラムファイル\001\player.h(113): note: 'HRESULT' の宣言を確認してください
c:\program files (x86)\windows kits\8.1\include\um\bemapiset.h(50): error C2143: 構文エラー: ';' が '__cdecl' の前にありません。
c:\program files (x86)\windows kits\8.1\include\um\bemapiset.h(50): error C4430: 型指定子がありません - int と仮定しました。メモ: C++ は int を既定値としてサポートしていません
c:\program files (x86)\windows kits\8.1\include\um\bemapiset.h(50): error C2086: 'int HRESULT': 再定義されました。
  c:\users\student\desktop\team1\プログラムファイル\001\player.h(113): note: 'HRESULT' の宣言を確認してください
c:\program files (x86)\windows kits\8.1\include\um\bemapiset.h(56): error C4430: 型指定子がありません - int と仮定しました。メモ: C++ は int を既定値としてサポートしていません
c:\program files (x86)\windows kits\8.1\include\um\bemapiset.h(60): error C2143: 構文エラー: ';' が '__cdecl' の前にありません。
c:\program files (x86)\windows kits\8.1\include\um\bemapiset.h(60): error C4430: 型指定子がありません - int と仮定しました。メモ: C++ は int を既定値としてサポートしていません
c:\program files (x86)\windows kits\8.1\include\um\bemapiset.h(60): error C2086: 'int HRESULT': 再定義されました。
  c:\users\student\desktop\team1\プログラムファイル\001\player.h(113): note: 'HRESULT' の宣言を確認してください
c:\program files (x86)\windows kits\8.1\include\um\bemapiset.h(67): error C4430: 型指定子がありません - int と仮定しました。メモ: C++ は int を既定値としてサポートしていません
c:\program files (x86)\windows kits\8.1\include\um\bemapiset.h(71): error C2143: 構文エラー: ';' が '__cdecl' の前にありません。
c:\program files (x86)\windows kits\8.1\include\um\bemapiset.h(71): error C4430: 型指定子がありません - int と仮定しました。メモ: C++ は int を既定値としてサポートしていません
c:\program files (x86)\windows kits\8.1\include\um\bemapiset.h(71): error C2086: 'int HRESULT': 再定義されました。
  c:\users\student\desktop\team1\プログラムファイル\001\player.h(113): note: 'HRESULT' の宣言を確認してください
c:\program files (x86)\windows kits\8.1\include\um\bemapiset.h(75): error C4430: 型指定子がありません - int と仮定しました。メモ: C++ は int を既定値としてサポートしていません
c:\program files (x86)\windows kits\8.1\include\um\winbase.h(5270): error C3646: 'hrFailure': 不明なオーバーライド指定子です
c:\program files (x86)\windows kits\8.1\include\um\winbase.h(5270): error C4430: 型指定子がありません - int と仮定しました。メモ: C++ は int を既定値としてサポートしていません
c:\program files (x86)\windows kits\8.1\include\um\winbase.h(5299): error C2143: 構文エラー: ';' が '__cdecl' の前にありません。
c:\program files (x86)\windows kits\8.1\include\um\winbase.h(5299): error C4430: 型指定子がありません - int と仮定しました。メモ: C++ は int を既定値としてサポートしていません
c:\program files (x86)\windows kits\8.1\include\um\winbase.h(5298): error C2370: 'HRESULT': 再定義 ; 異なるストレージ クラスです。
  c:\users\student\desktop\team1\プログラムファイル\001\player.h(113): note: 'HRESULT' の宣言を確認してください
c:\program files (x86)\windows kits\8.1\include\um\winbase.h(5304): error C4430: 型指定子がありません - int と仮定しました。メモ: C++ は int を既定値としてサポートしていません
c:\program files (x86)\windows kits\8.1\include\shared\winerror.h(26297): error C2433: 'HRESULT': '__forceinline' はデータ宣言をするのに使用できません。
c:\program files (x86)\windows kits\8.1\include\shared\winerror.h(26297): error C4430: 型指定子がありません - int と仮定しました。メモ: C++ は int を既定値としてサポートしていません
c:\program files (x86)\windows kits\8.1\include\shared\winerror.h(26297): error C2086: 'int HRESULT': 再定義されました。
  c:\users\student\desktop\team1\プログラムファイル\001\player.h(113): note: 'HRESULT' の宣言を確認してください
c:\program files (x86)\windows kits\8.1\include\shared\winerror.h(26297): error C2146: 構文エラー: ';' が、識別子 'HRESULT_FROM_WIN32' の前に必要です。
c:\program files (x86)\windows kits\8.1\include\um\winbase.h(8122): error C2143: 構文エラー: ';' が '__cdecl' の前にありません。
c:\program files (x86)\windows kits\8.1\include\um\winbase.h(8122): error C4430: 型指定子がありません - int と仮定しました。メモ: C++ は int を既定値としてサポートしていません
c:\program files (x86)\windows kits\8.1\include\um\winbase.h(8121): error C2370: 'HRESULT': 再定義 ; 異なるストレージ クラスです。
  c:\users\student\desktop\team1\プログラムファイル\001\player.h(113): note: 'HRESULT' の宣言を確認してください
c:\program files (x86)\windows kits\8.1\include\um\winbase.h(8128): error C4430: 型指定子がありません - int と仮定しました。メモ: C++ は int を既定値としてサポートしていません
c:\program files (x86)\windows kits\8.1\include\um\winbase.h(8132): error C2143: 構文エラー: ';' が '__cdecl' の前にありません。
c:\program files (x86)\windows kits\8.1\include\um\winbase.h(8132): error C4430: 型指定子がありません - int と仮定しました。メモ: C++ は int を既定値としてサポートしていません
c:\program files (x86)\windows kits\8.1\include\um\winbase.h(8131): error C2370: 'HRESULT': 再定義 ; 異なるストレージ クラスです。
  c:\users\student\desktop\team1\プログラムファイル\001\player.h(113): note: 'HRESULT' の宣言を確認してください
c:\program files (x86)\windows kits\8.1\include\um\winbase.h(8133): error C4430: 型指定子がありません - int と仮定しました。メモ: C++ は int を既定値としてサポートしていません
c:\program files (x86)\windows kits\8.1\include\um\winbase.h(8137): error C2143: 構文エラー: ';' が '__cdecl' の前にありません。
c:\program files (x86)\windows kits\8.1\include\um\winbase.h(8137): error C4430: 型指定子がありません - int と仮定しました。メモ: C++ は int を既定値としてサポートしていません
c:\program files (x86)\windows kits\8.1\include\um\winbase.h(8136): error C2370: 'HRESULT': 再定義 ; 異なるストレージ クラスです。
  c:\users\student\desktop\team1\プログラムファイル\001\player.h(113): note: 'HRESULT' の宣言を確認してください
c:\program files (x86)\windows kits\8.1\include\um\winbase.h(8141): error C4430: 型指定子がありません - int と仮定しました。メモ: C++ は int を既定値としてサポートしていません
c:\program files (x86)\windows kits\8.1\include\um\winbase.h(8145): error C2143: 構文エラー: ';' が '__cdecl' の前にありません。
c:\program files (x86)\windows kits\8.1\include\um\winbase.h(8145): error C4430: 型指定子がありません - int と仮定しました。メモ: C++ は int を既定値としてサポートしていません
c:\program files (x86)\windows kits\8.1\include\um\winbase.h(8144): error C2370: 'HRESULT': 再定義 ; 異なるストレージ クラスです。
  c:\users\student\desktop\team1\プログラムファイル\001\player.h(113): note: 'HRESULT' の宣言を確認してください
c:\program files (x86)\windows kits\8.1\include\um\winbase.h(8146): error C4430: 型指定子がありません - int と仮定しました。メモ: C++ は int を既定値としてサポートしていません
c:\program files (x86)\windows kits\8.1\include\um\winbase.h(8150): error C2143: 構文エラー: ';' が '__cdecl' の前にありません。
c:\program files (x86)\windows kits\8.1\include\um\winbase.h(8150): error C4430: 型指定子がありません - int と仮定しました。メモ: C++ は int を既定値としてサポートしていません
c:\program files (x86)\windows kits\8.1\include\um\winbase.h(8149): error C2370: 'HRESULT': 再定義 ; 異なるストレージ クラスです。
  c:\users\student\desktop\team1\プログラムファイル\001\player.h(113): note: 'HRESULT' の宣言を確認してください
c:\program files (x86)\windows kits\8.1\include\um\winbase.h(8157): error C4430: 型指定子がありません - int と仮定しました。メモ: C++ は int を既定値としてサポートしていません
c:\program files (x86)\windows kits\8.1\include\um\winbase.h(8161): error C2143: 構文エラー: ';' が '__cdecl' の前にありません。
c:\program files (x86)\windows kits\8.1\include\um\winbase.h(8161): error C4430: 型指定子がありません - int と仮定しました。メモ: C++ は int を既定値としてサポートしていません
c:\program files (x86)\windows kits\8.1\include\um\winbase.h(8160): error C2370: 'HRESULT': 再定義 ; 異なるストレージ クラスです。
  c:\users\student\desktop\team1\プログラムファイル\001\player.h(113): note: 'HRESULT' の宣言を確認してください
c:\program files (x86)\windows kits\8.1\include\um\winbase.h(8167): error C4430: 型指定子がありません - int と仮定しました。メモ: C++ は int を既定値としてサポートしていません
c:\program files (x86)\windows kits\8.1\include\um\winbase.h(8171): error C2143: 構文エラー: ';' が '__cdecl' の前にありません。
c:\program files (x86)\windows kits\8.1\include\um\winbase.h(8171): error C4430: 型指定子がありません - int と仮定しました。メモ: C++ は int を既定値としてサポートしていません
c:\program files (x86)\windows kits\8.1\include\um\winbase.h(8170): error C2370: 'HRESULT': 再定義 ; 異なるストレージ クラスです。
  c:\users\student\desktop\team1\プログラムファイル\001\player.h(113): note: 'HRESULT' の宣言を確認してください
c:\program files (x86)\windows kits\8.1\include\um\winbase.h(8174): error C4430: 型指定子がありません - int と仮定しました。メモ: C++ は int を既定値としてサポートしていません
c:\program files (x86)\windows kits\8.1\include\um\shellapi.h(523): error C2143: 構文エラー: ';' が '__cdecl' の前にありません。
c:\program files (x86)\windows kits\8.1\include\um\shellapi.h(523): error C4430: 型指定子がありません - int と仮定しました。メモ: C++ は int を既定値としてサポートしていません
c:\program files (x86)\windows kits\8.1\include\um\shellapi.h(523): error C2370: 'HRESULT': 再定義 ; 異なるストレージ クラスです。
  c:\users\student\desktop\team1\プログラムファイル\001\player.h(113): note: 'HRESULT' の宣言を確認してください
c:\program files (x86)\windows kits\8.1\include\um\shellapi.h(886): error C2143: 構文エラー: ';' が '__cdecl' の前にありません。
c:\program files (x86)\windows kits\8.1\include\um\shellapi.h(886): error C4430: 型指定子がありません - int と仮定しました。メモ: C++ は int を既定値としてサポートしていません
c:\program files (x86)\windows kits\8.1\include\um\shellapi.h(886): error C2370: 'HRESULT': 再定義 ; 異なるストレージ クラスです。
  c:\users\student\desktop\team1\プログラムファイル\001\player.h(113): note: 'HRESULT' の宣言を確認してください
c:\program files (x86)\windows kits\8.1\include\um\shellapi.h(951): error C2143: 構文エラー: ';' が '__cdecl' の前にありません。
c:\program files (x86)\windows kits\8.1\include\um\shellapi.h(951): error C4430: 型指定子がありません - int と仮定しました。メモ: C++ は int を既定値としてサポートしていません
c:\program files (x86)\windows kits\8.1\include\um\shellapi.h(951): error C2370: 'HRESULT': 再定義 ; 異なるストレージ クラスです。
  c:\users\student\desktop\team1\プログラムファイル\001\player.h(113): note: 'HRESULT' の宣言を確認してください
c:\program files (x86)\windows kits\8.1\include\um\shellapi.h(952): error C2143: 構文エラー: ';' が '__cdecl' の前にありません。
c:\program files (x86)\windows kits\8.1\include\um\shellapi.h(952): error C4430: 型指定子がありません - int と仮定しました。メモ: C++ は int を既定値としてサポートしていません
c:\program files (x86)\windows kits\8.1\include\um\shellapi.h(952): error C2370: 'HRESULT': 再定義 ; 異なるストレージ クラスです。
  c:\users\student\desktop\team1\プログラムファイル\001\player.h(113): note: 'HRESULT' の宣言を確認してください
c:\program files (x86)\windows kits\8.1\include\um\shellapi.h(958): error C2143: 構文エラー: ';' が '__cdecl' の前にありません。
c:\program files (x86)\windows kits\8.1\include\um\shellapi.h(958): error C4430: 型指定子がありません - int と仮定しました。メモ: C++ は int を既定値としてサポートしていません
c:\program files (x86)\windows kits\8.1\include\um\shellapi.h(958): error C2370: 'HRESULT': 再定義 ; 異なるストレージ クラスです。
  c:\users\student\desktop\team1\プログラムファイル\001\player.h(113): note: 'HRESULT' の宣言を確認してください
c:\program files (x86)\windows kits\8.1\include\um\shellapi.h(959): error C2143: 構文エラー: ';' が '__cdecl' の前にありません。
c:\program files (x86)\windows kits\8.1\include\um\shellapi.h(959): error C4430: 型指定子がありません - int と仮定しました。メモ: C++ は int を既定値としてサポートしていません
c:\program files (x86)\windows kits\8.1\include\um\shellapi.h(959): error C2370: 'HRESULT': 再定義 ; 異なるストレージ クラスです。
  c:\users\student\desktop\team1\プログラムファイル\001\player.h(113): note: 'HRESULT' の宣言を確認してください
c:\program files (x86)\windows kits\8.1\include\um\shellapi.h(991): error C2143: 構文エラー: ';' が '__cdecl' の前にありません。
c:\program files (x86)\windows kits\8.1\include\um\shellapi.h(991): error C4430: 型指定子がありません - int と仮定しました。メモ: C++ は int を既定値としてサポートしていません
c:\program files (x86)\windows kits\8.1\include\um\shellapi.h(991): error C2370: 'HRESULT': 再定義 ; 異なるストレージ クラスです。
  c:\users\student\desktop\team1\プログラムファイル\001\player.h(113): note: 'HRESULT' の宣言を確認してください
c:\program files (x86)\windows kits\8.1\include\um\shellapi.h(996): error C2143: 構文エラー: ';' が '__cdecl' の前にありません。
c:\program files (x86)\windows kits\8.1\include\um\shellapi.h(996): error C4430: 型指定子がありません - int と仮定しました。メモ: C++ は int を既定値としてサポートしていません
c:\program files (x86)\windows kits\8.1\include\um\shellapi.h(996): error C2370: 'HRESULT': 再定義 ; 異なるストレージ クラスです。
  c:\users\student\desktop\team1\プログラムファイル\001\player.h(113): note: 'HRESULT' の宣言を確認してください
c:\program files (x86)\windows kits\8.1\include\um\shellapi.h(1180): error C2143: 構文エラー: ';' が '__cdecl' の前にありません。
c:\program files (x86)\windows kits\8.1\include\um\shellapi.h(1180): error C4430: 型指定子がありません - int と仮定しました。メモ: C++ は int を既定値としてサポートしていません
c:\program files (x86)\windows kits\8.1\include\um\shellapi.h(1180): error C2370: 'HRESULT': 再定義 ; 異なるストレージ クラスです。
  c:\users\student\desktop\team1\プログラムファイル\001\player.h(113): note: 'HRESULT' の宣言を確認してください
c:\program files (x86)\windows kits\8.1\include\um\shellapi.h(1393): error C2143: 構文エラー: ';' が '__cdecl' の前にありません。
c:\program files (x86)\windows kits\8.1\include\um\shellapi.h(1393): error C4430: 型指定子がありません - int と仮定しました。メモ: C++ は int を既定値としてサポートしていません
c:\program files (x86)\windows kits\8.1\include\um\shellapi.h(1393): error C2370: 'HRESULT': 再定義 ; 異なるストレージ クラスです。
  c:\users\student\desktop\team1\プログラムファイル\001\player.h(113): note: 'HRESULT' の宣言を確認してください
c:\program files (x86)\windows kits\8.1\include\um\shellapi.h(1498): error C2143: 構文エラー: ';' が '__cdecl' の前にありません。
c:\program files (x86)\windows kits\8.1\include\um\shellapi.h(1498): error C4430: 型指定子がありません - int と仮定しました。メモ: C++ は int を既定値としてサポートしていません
c:\program files (x86)\windows kits\8.1\include\um\shellapi.h(1498): error C2370: 'HRESULT': 再定義 ; 異なるストレージ クラスです。
  c:\users\student\desktop\team1\プログラムファイル\001\player.h(113): note: 'HRESULT' の宣言を確認してください
c:\program files (x86)\windows kits\8.1\include\um\shellapi.h(1519): error C2143: 構文エラー: ';' が '__cdecl' の前にありません。
c:\program files (x86)\windows kits\8.1\include\um\shellapi.h(1519): error C4430: 型指定子がありません - int と仮定しました。メモ: C++ は int を既定値としてサポートしていません
c:\program files (x86)\windows kits\8.1\include\um\shellapi.h(1519): error C2370: 'HRESULT': 再定義 ; 異なるストレージ クラスです。
  c:\users\student\desktop\team1\プログラムファイル\001\player.h(113): note: 'HRESULT' の宣言を確認してください
c:\program files (x86)\windows kits\8.1\include\um\shellapi.h(1532): error C2143: 構文エラー: ';' が '__cdecl' の前にありません。
c:\program files (x86)\windows kits\8.1\include\um\shellapi.h(1532): error C4430: 型指定子がありません - int と仮定しました。メモ: C++ は int を既定値としてサポートしていません
c:\program files (x86)\windows kits\8.1\include\um\shellapi.h(1532): error C2370: 'HRESULT': 再定義 ; 異なるストレージ クラスです。
  c:\users\student\desktop\team1\プログラムファイル\001\player.h(113): note: 'HRESULT' の宣言を確認してください
c:\program files (x86)\windows kits\8.1\include\um\shellapi.h(1537): error C2143: 構文エラー: ';' が '__cdecl' の前にありません。
c:\program files (x86)\windows kits\8.1\include\um\shellapi.h(1537): error C4430: 型指定子がありません - int と仮定しました。メモ: C++ は int を既定値としてサポートしていません
c:\program files (x86)\windows kits\8.1\include\um\shellapi.h(1537): error C2370: 'HRESULT': 再定義 ; 異なるストレージ クラスです。
  c:\users\student\desktop\team1\プログラムファイル\001\player.h(113): note: 'HRESULT' の宣言を確認してください
c:\program files (x86)\windows kits\8.1\include\um\shellapi.h(1539): error C2143: 構文エラー: ';' が '__cdecl' の前にありません。
c:\program files (x86)\windows kits\8.1\include\um\shellapi.h(1539): error C4430: 型指定子がありません - int と仮定しました。メモ: C++ は int を既定値としてサポートしていません
c:\program files (x86)\windows kits\8.1\include\um\shellapi.h(1539): error C2370: 'HRESULT': 再定義 ; 異なるストレージ クラスです。
  c:\users\student\desktop\team1\プログラムファイル\001\player.h(113): note: 'HRESULT' の宣言を確認してください
c:\program files (x86)\windows kits\8.1\include\um\shellapi.h(1599): error C2143: 構文エラー: ';' が '__cdecl' の前にありません。
c:\program files (x86)\windows kits\8.1\include\um\shellapi.h(1599): error C4430: 型指定子がありません - int と仮定しました。メモ: C++ は int を既定値としてサポートしていません
c:\program files (x86)\windows kits\8.1\include\um\shellapi.h(1600): error C2143: 構文エラー: ';' が '__cdecl' の前にありません。
c:\program files (x86)\windows kits\8.1\include\um\shellapi.h(1600): error C4430: 型指定子がありません - int と仮定しました。メモ: C++ は int を既定値としてサポートしていません
c:\program files (x86)\windows kits\8.1\include\um\shellapi.h(1606): error C2143: 構文エラー: ';' が '__cdecl' の前にありません。
c:\program files (x86)\windows kits\8.1\include\um\shellapi.h(1606): error C4430: 型指定子がありません - int と仮定しました。メモ: C++ は int を既定値としてサポートしていません
c:\program files (x86)\windows kits\8.1\include\um\shellapi.h(1607): error C2143: 構文エラー: ';' が '__cdecl' の前にありません。
c:\program files (x86)\windows kits\8.1\include\um\shellapi.h(1607): error C4430: 型指定子がありません - int と仮定しました。メモ: C++ は int を既定値としてサポートしていません
c:\program files (x86)\windows kits\8.1\include\um\shellapi.h(1613): error C2143: 構文エラー: ';' が '__cdecl' の前にありません。
c:\program files (x86)\windows kits\8.1\include\um\shellapi.h(1613): error C4430: 型指定子がありません - int と仮定しました。メモ: C++ は int を既定値としてサポートしていません
c:\program files (x86)\windows kits\8.1\include\um\shellapi.h(1614): error C2143: 構文エラー: ';' が '__cdecl' の前にありません。
c:\program files (x86)\windows kits\8.1\include\um\shellapi.h(1614): error C4430: 型指定子がありません - int と仮定しました。メモ: C++ は int を既定値としてサポートしていません
c:\program files (x86)\windows kits\8.1\include\um\shellapi.h(1630): error C2143: 構文エラー: ';' が '__cdecl' の前にありません。
c:\program files (x86)\windows kits\8.1\include\um\shellapi.h(1630): error C4430: 型指定子がありません - int と仮定しました。メモ: C++ は int を既定値としてサポートしていません
c:\program files (x86)\windows kits\8.1\include\um\shellapi.h(1630): error C2370: 'HRESULT': 再定義 ; 異なるストレージ クラスです。
  c:\program files (x86)\windows kits\8.1\include\um\shellapi.h(1614): note: 'HRESULT' の宣言を確認してください
c:\program files (x86)\windows kits\8.1\include\um\shellapi.h(1648): error C2059: 構文エラー: '__cdecl'
c:\program files (x86)\windows kits\8.1\include\um\shellapi.h(1649): error C2059: 構文エラー: '__cdecl'
c:\program files (x86)\windows kits\8.1\include\um\shellapi.h(1719): error C2143: 構文エラー: ';' が '__cdecl' の前にありません。
c:\program files (x86)\windows kits\8.1\include\um\shellapi.h(1719): error C4430: 型指定子がありません - int と仮定しました。メモ: C++ は int を既定値としてサポートしていません
c:\program files (x86)\windows kits\8.1\include\um\wincrypt.h(16633): error C2143: 構文エラー: ';' が '__cdecl' の前にありません。
c:\program files (x86)\windows kits\8.1\include\um\wincrypt.h(16633): error C4430: 型指定子がありません - int と仮定しました。メモ: C++ は int を既定値としてサポートしていません
c:\program files (x86)\windows kits\8.1\include\um\wincrypt.h(16633): error C2086: 'int HRESULT': 再定義されました。
  c:\program files (x86)\windows kits\8.1\include\um\shellapi.h(1719): note: 'HRESULT' の宣言を確認してください
c:\program files (x86)\windows kits\8.1\include\um\wincrypt.h(16643): error C4430: 型指定子がありません - int と仮定しました。メモ: C++ は int を既定値としてサポートしていません
c:\program files (x86)\windows kits\8.1\include\um\winspool.h(3464): error C2143: 構文エラー: ';' が '__cdecl' の前にありません。
c:\program files (x86)\windows kits\8.1\include\um\winspool.h(3464): error C4430: 型指定子がありません - int と仮定しました。メモ: C++ は int を既定値としてサポートしていません
c:\program files (x86)\windows kits\8.1\include\um\winspool.h(3464): error C2086: 'int HRESULT': 再定義されました。
  c:\program files (x86)\windows kits\8.1\include\um\shellapi.h(1719): note: 'HRESULT' の宣言を確認してください
c:\program files (x86)\windows kits\8.1\include\um\winspool.h(3471): error C4430: 型指定子がありません - int と仮定しました。メモ: C++ は int を既定値としてサポートしていません
c:\program files (x86)\windows kits\8.1\include\um\winspool.h(3473): error C2143: 構文エラー: ';' が '__cdecl' の前にありません。
c:\program files (x86)\windows kits\8.1\include\um\winspool.h(3473): error C4430: 型指定子がありません - int と仮定しました。メモ: C++ は int を既定値としてサポートしていません
c:\program files (x86)\windows kits\8.1\include\um\winspool.h(3473): error C2086: 'int HRESULT': 再定義されました。
  c:\program files (x86)\windows kits\8.1\include\um\shellapi.h(1719): note: 'HRESULT' の宣言を確認してください
c:\program files (x86)\windows kits\8.1\include\um\winspool.h(3480): error C4430: 型指定子がありません - int と仮定しました。メモ: C++ は int を既定値としてサポートしていません
c:\program files (x86)\windows kits\8.1\include\um\winspool.h(3493): error C2143: 構文エラー: ';' が '__cdecl' の前にありません。
c:\program files (x86)\windows kits\8.1\include\um\winspool.h(3493): error C4430: 型指定子がありません - int と仮定しました。メモ: C++ は int を既定値としてサポートしていません
c:\program files (x86)\windows kits\8.1\include\um\winspool.h(3493): error C2086: 'int HRESULT': 再定義されました。
  c:\program files (x86)\windows kits\8.1\include\um\shellapi.h(1719): note: 'HRESULT' の宣言を確認してください
c:\program files (x86)\windows kits\8.1\include\um\winspool.h(3503): error C4430: 型指定子がありません - int と仮定しました。メモ: C++ は int を既定値としてサポートしていません
c:\program files (x86)\windows kits\8.1\include\um\winspool.h(3505): error C2143: 構文エラー: ';' が '__cdecl' の前にありません。
c:\program files (x86)\windows kits\8.1\include\um\winspool.h(3505): error C4430: 型指定子がありません - int と仮定しました。メモ: C++ は int を既定値としてサポートしていません
c:\program files (x86)\windows kits\8.1\include\um\winspool.h(3505): error C2086: 'int HRESULT': 再定義されました。
  c:\program files (x86)\windows kits\8.1\include\um\shellapi.h(1719): note: 'HRESULT' の宣言を確認してください
c:\program files (x86)\windows kits\8.1\include\um\winspool.h(3515): error C4430: 型指定子がありません - int と仮定しました。メモ: C++ は int を既定値としてサポートしていません
c:\program files (x86)\windows kits\8.1\include\um\winspool.h(3545): error C2143: 構文エラー: ';' が '__cdecl' の前にありません。
c:\program files (x86)\windows kits\8.1\include\um\winspool.h(3545): error C4430: 型指定子がありません - int と仮定しました。メモ: C++ は int を既定値としてサポートしていません
c:\program files (x86)\windows kits\8.1\include\um\winspool.h(3545): error C2086: 'int HRESULT': 再定義されました。
  c:\program files (x86)\windows kits\8.1\include\um\shellapi.h(1719): note: 'HRESULT' の宣言を確認してください
c:\program files (x86)\windows kits\8.1\include\um\winspool.h(3552): error C4430: 型指定子がありません - int と仮定しました。メモ: C++ は int を既定値としてサポートしていません
c:\program files (x86)\windows kits\8.1\include\um\winspool.h(3554): error C2143: 構文エラー: ';' が '__cdecl' の前にありません。
c:\program files (x86)\windows kits\8.1\include\um\winspool.h(3554): error C4430: 型指定子がありません - int と仮定しました。メモ: C++ は int を既定値としてサポートしていません
c:\program files (x86)\windows kits\8.1\include\um\winspool.h(3554): error C2086: 'int HRESULT': 再定義されました。
  c:\program files (x86)\windows kits\8.1\include\um\shellapi.h(1719): note: 'HRESULT' の宣言を確認してください
c:\program files (x86)\windows kits\8.1\include\um\winspool.h(3554): fatal error C1003: プログラム内のエラーが 100 個を超えました。コンパイルは中断されます。
